app/build/outputs/logs/manifest-merger-debug-report.txt
-- Merging decision tree log ---
manifest
ADDED from src/main/AndroidManifest.xml:2:1-80:12
	xmlns:android
		ADDED from src/main/AndroidManifest.xml:2:11-69
	package
		ADDED from src/main/AndroidManifest.xml:3:5-32
		INJECTED from src/main/AndroidManifest.xml
		INJECTED from src/main/AndroidManifest.xml
	android:versionName
		ADDED from src/main/AndroidManifest.xml:5:5-30
		INJECTED from src/main/AndroidManifest.xml
		INJECTED from src/main/AndroidManifest.xml
	android:versionCode
		ADDED from src/main/AndroidManifest.xml:4:5-28
		INJECTED from src/main/AndroidManifest.xml
		INJECTED from src/main/AndroidManifest.xml
uses-sdk
ADDED from src/main/AndroidManifest.xml:7:5-9:41
MERGED from [com.android.support:appcompat-v7:19.1.0] AndroidManifest.xml:18:5-42
	android:targetSdkVersion
		ADDED from src/main/AndroidManifest.xml:9:9-38
		INJECTED from src/main/AndroidManifest.xml
		INJECTED from src/main/AndroidManifest.xml
	android:minSdkVersion
		ADDED from src/main/AndroidManifest.xml:8:9-35
		INJECTED from src/main/AndroidManifest.xml
		INJECTED from src/main/AndroidManifest.xml
uses-permission#android.permission.ACCESS_FINE_LOCATION
ADDED from src/main/AndroidManifest.xml:11:5-78
	android:name
		ADDED from src/main/AndroidManifest.xml:11:22-76
uses-permission#test.permission
ADDED from src/main/AndroidManifest.xml:12:5-54
	android:name
		ADDED from src/main/AndroidManifest.xml:12:22-52
uses-permission#android.permission.ACCESS_WIFI_STATE
ADDED from src/main/AndroidManifest.xml:14:5-76
	android:name
		ADDED from src/main/AndroidManifest.xml:14:22-73
uses-permission#android.permission.CHANGE_WIFI_STATE
ADDED from src/main/AndroidManifest.xml:15:5-76
	android:name
		ADDED from src/main/AndroidManifest.xml:15:22-73
uses-permission#android.permission.CHANGE_NETWORK_STATE
ADDED from src/main/AndroidManifest.xml:16:5-79
	android:name
		ADDED from src/main/AndroidManifest.xml:16:22-76
uses-permission#android.permission.INTERNET
ADDED from src/main/AndroidManifest.xml:17:5-67
	android:name
		ADDED from src/main/AndroidManifest.xml:17:22-64
uses-permission#android.permission.ACCESS_NETWORK_STATE
ADDED from src/main/AndroidManifest.xml:18:5-79
	android:name
		ADDED from src/main/AndroidManifest.xml:18:22-76
permission#test.permission
ADDED from src/main/AndroidManifest.xml:19:5-49
	android:name
		ADDED from src/main/AndroidManifest.xml:19:17-47
application
ADDED from src/main/AndroidManifest.xml:21:5-78:19
MERGED from [com.android.support:appcompat-v7:19.1.0] AndroidManifest.xml:19:5-20
	android:label
		ADDED from src/main/AndroidManifest.xml:24:9-41
	android:allowBackup
		ADDED from src/main/AndroidManifest.xml:22:9-35
	android:icon
		ADDED from src/main/AndroidManifest.xml:23:9-45
activity#com.example.myapp.MainActivity
ADDED from src/main/AndroidManifest.xml:26:9-37:20
	android:label
		ADDED from src/main/AndroidManifest.xml:28:13-45
	android:name
		ADDED from src/main/AndroidManifest.xml:27:13-58
intent-filter#android.intent.action.MAIN+android.intent.category.LAUNCHER
ADDED from src/main/AndroidManifest.xml:29:13-32:29
action#android.intent.action.MAIN
ADDED from src/main/AndroidManifest.xml:30:17-69
	android:name
		ADDED from src/main/AndroidManifest.xml:30:25-66
category#android.intent.category.LAUNCHER
ADDED from src/main/AndroidManifest.xml:31:17-77
	android:name
		ADDED from src/main/AndroidManifest.xml:31:27-74
intent-filter#android.intent.category.DEFAULT+com.example.myapp1
ADDED from src/main/AndroidManifest.xml:33:13-36:29
action#com.example.myapp1
ADDED from src/main/AndroidManifest.xml:34:17-60
	android:name
		ADDED from src/main/AndroidManifest.xml:34:25-58
category#android.intent.category.DEFAULT
ADDED from src/main/AndroidManifest.xml:35:17-75
	android:name
		ADDED from src/main/AndroidManifest.xml:35:27-73
activity#com.example.myapp.Calculate
ADDED from src/main/AndroidManifest.xml:38:9-39:58
	android:name
		ADDED from src/main/AndroidManifest.xml:39:13-55
activity#com.example.advanced.AidlTest
ADDED from src/main/AndroidManifest.xml:40:9-41:69
	android:name
		ADDED from src/main/AndroidManifest.xml:41:13-57
activity#com.example.advanced.FragmentTest
ADDED from src/main/AndroidManifest.xml:42:9-43:73
	android:name
		ADDED from src/main/AndroidManifest.xml:43:13-61
activity#com.example.advanced.ContentFraActivity
ADDED from src/main/AndroidManifest.xml:44:9-45:79
	android:name
		ADDED from src/main/AndroidManifest.xml:45:13-67
activity#com.example.advanced.TestActivity
ADDED from src/main/AndroidManifest.xml:46:9-47:73
	android:name
		ADDED from src/main/AndroidManifest.xml:47:13-61
activity#com.example.advanced.MutilTouchDemoActivity
ADDED from src/main/AndroidManifest.xml:48:9-49:83
	android:name
		ADDED from src/main/AndroidManifest.xml:49:13-71
activity#com.example.myapp.ContactSampleListActivity
ADDED from src/main/AndroidManifest.xml:50:9-51:83
	android:name
		ADDED from src/main/AndroidManifest.xml:51:13-71
activity#com.example.myapp.LoaderThrottle
ADDED from src/main/AndroidManifest.xml:52:9-53:72
	android:name
		ADDED from src/main/AndroidManifest.xml:53:13-60
service#com.example.myapp.PlayService
ADDED from src/main/AndroidManifest.xml:54:9-55:68
	android:name
		ADDED from src/main/AndroidManifest.xml:55:13-57
service#com.example.advanced.Delay
ADDED from src/main/AndroidManifest.xml:56:9-62:19
	android:process
		ADDED from src/main/AndroidManifest.xml:58:13-50
	android:name
		ADDED from src/main/AndroidManifest.xml:57:13-54
intent-filter#com.example.myapp2.IDelay
ADDED from src/main/AndroidManifest.xml:59:13-61:29
action#com.example.myapp2.IDelay
ADDED from src/main/AndroidManifest.xml:60:17-67
	android:name
		ADDED from src/main/AndroidManifest.xml:60:25-65
receiver#com.example.myapp.MyReceiver
ADDED from src/main/AndroidManifest.xml:63:9-69:20
	android:name
		ADDED from src/main/AndroidManifest.xml:64:13-56
intent-filter#android.intent.category.DEFAULT+com.example.action.MY_RECEIVER
ADDED from src/main/AndroidManifest.xml:65:13-68:29
action#com.example.action.MY_RECEIVER
ADDED from src/main/AndroidManifest.xml:66:17-73
	android:name
		ADDED from src/main/AndroidManifest.xml:66:25-70
provider#com.example.myapp.SimpleProvider
ADDED from src/main/AndroidManifest.xml:70:9-72:80
	android:authorities
		ADDED from src/main/AndroidManifest.xml:72:13-68
	android:name
		ADDED from src/main/AndroidManifest.xml:71:13-60
activity#com.example.update.SystemUpdateActivity
ADDED from src/main/AndroidManifest.xml:73:9-74:69
	android:name
		ADDED from src/main/AndroidManifest.xml:74:13-67
service#com.example.update.UpdateService
ADDED from src/main/AndroidManifest.xml:75:9-77:47
	android:process
		ADDED from src/main/AndroidManifest.xml:77:13-45
	android:name
		ADDED from src/main/AndroidManifest.xml:76:13-60